#
# A fatal error has been detected by the Java Runtime Environment:
#
#  EXCEPTION_ACCESS_VIOLATION (0xc0000005) at pc=0x00007ff8cd9e57e0, pid=5008, tid=6636
#
# JRE version: Java(TM) SE Runtime Environment (17.0.6+9) (build 17.0.6+9-LTS-190)
# Java VM: Java HotSpot(TM) 64-Bit Server VM (17.0.6+9-LTS-190, mixed mode, sharing, tiered, compressed oops, compressed class ptrs, g1 gc, windows-amd64)
# Problematic frame:
# C  [net.dll+0x57e0]
#
# No core dump will be written. Minidumps are not enabled by default on client versions of Windows
#
# If you would like to submit a bug report, please visit:
#   https://bugreport.java.com/bugreport/crash.jsp
# The crash happened outside the Java Virtual Machine in native code.
# See problematic frame for where to report the bug.
#

---------------  S U M M A R Y ------------

Command Line: -javaagent:C:\Program Files\JetBrains\IntelliJ IDEA Community Edition 2022.2.3\lib\idea_rt.jar=51569:C:\Program Files\JetBrains\IntelliJ IDEA Community Edition 2022.2.3\bin -Dfile.encoding=UTF-8 com.livraison.projet.ProjetApplication

Host: ## __CPU__, 12 cores, 15G,  Windows 10 , 64 bit Build 19041 (10.0.19041.2364)
Time: Sun Feb  5 01:47:00 2023 Afr. centrale Ouest elapsed time: 4.006073 seconds (0d 0h 0m 4s)

---------------  T H R E A D  ---------------

Current thread (0x0000021b032161e0):  JavaThread "restartedMain" [_thread_in_native, id=6636, stack(0x000000ecbff00000,0x000000ecc0000000)]

Stack: [0x000000ecbff00000,0x000000ecc0000000],  sp=0x000000ecbfffced0,  free space=1011k
Native frames: (J=compiled Java code, j=interpreted, Vv=VM code, C=native code)
C  [net.dll+0x57e0]

Java frames: (J=compiled Java code, j=interpreted, Vv=VM code)
j  java.net.NetworkInterface.getAll()[Ljava/net/NetworkInterface;+0 java.base@17.0.6
j  java.net.NetworkInterface.getNetworkInterfaces()Ljava/util/Enumeration;+0 java.base@17.0.6
j  sun.security.provider.SeedGenerator.addNetworkAdapterInfo(Ljava/security/MessageDigest;)V+0 java.base@17.0.6
j  sun.security.provider.SeedGenerator$1.run()Ljava/lang/Void;+66 java.base@17.0.6
j  sun.security.provider.SeedGenerator$1.run()Ljava/lang/Object;+1 java.base@17.0.6
J 1556 c1 java.security.AccessController.doPrivileged(Ljava/security/PrivilegedAction;)Ljava/lang/Object; java.base@17.0.6 (9 bytes) @ 0x0000021b65e7f544 [0x0000021b65e7f3e0+0x0000000000000164]
j  sun.security.provider.SeedGenerator.getSystemEntropy()[B+40 java.base@17.0.6
j  sun.security.provider.AbstractDrbg$SeederHolder.<clinit>()V+28 java.base@17.0.6
v  ~StubRoutines::call_stub
j  sun.security.provider.AbstractDrbg.getEntropyInput(IIIZ)[B+87 java.base@17.0.6
j  sun.security.provider.AbstractDrbg.getEntropyInput(Z)[B+14 java.base@17.0.6
j  sun.security.provider.AbstractDrbg.instantiateIfNecessary([B)V+16 java.base@17.0.6
j  sun.security.provider.AbstractDrbg.engineNextBytes([BLjava/security/SecureRandomParameters;)V+162 java.base@17.0.6
j  sun.security.provider.AbstractDrbg.engineNextBytes([B)V+11 java.base@17.0.6
j  sun.security.provider.DRBG.engineNextBytes([B)V+5 java.base@17.0.6
j  java.security.SecureRandom.nextBytes([B)V+12 java.base@17.0.6
j  java.security.SecureRandom.next(I)I+17 java.base@17.0.6
j  java.util.Random.nextLong()J+3 java.base@17.0.6
j  java.nio.file.TempFileHelper.generatePath(Ljava/lang/String;Ljava/lang/String;Ljava/nio/file/Path;)Ljava/nio/file/Path;+3 java.base@17.0.6
j  java.nio.file.TempFileHelper.create(Ljava/nio/file/Path;Ljava/lang/String;Ljava/lang/String;Z[Ljava/nio/file/attribute/FileAttribute;)Ljava/nio/file/Path;+185 java.base@17.0.6
j  java.nio.file.TempFileHelper.createTempDirectory(Ljava/nio/file/Path;Ljava/lang/String;[Ljava/nio/file/attribute/FileAttribute;)Ljava/nio/file/Path;+5 java.base@17.0.6
j  java.nio.file.Files.createTempDirectory(Ljava/lang/String;[Ljava/nio/file/attribute/FileAttribute;)Ljava/nio/file/Path;+3 java.base@17.0.6
j  org.springframework.boot.web.server.AbstractConfigurableWebServerFactory.createTempDir(Ljava/lang/String;)Ljava/io/File;+14
j  org.springframework.boot.web.embedded.tomcat.TomcatServletWebServerFactory.getWebServer([Lorg/springframework/boot/web/servlet/ServletContextInitializer;)Lorg/springframework/boot/web/server/WebServer;+35
j  org.springframework.boot.web.servlet.context.ServletWebServerApplicationContext.createWebServer()V+67
j  org.springframework.boot.web.servlet.context.ServletWebServerApplicationContext.onRefresh()V+5
j  org.springframework.context.support.AbstractApplicationContext.refresh()V+77
j  org.springframework.boot.web.servlet.context.ServletWebServerApplicationContext.refresh()V+1
j  org.springframework.boot.SpringApplication.refresh(Lorg/springframework/context/ConfigurableApplicationContext;)V+1
j  org.springframework.boot.SpringApplication.refreshContext(Lorg/springframework/context/ConfigurableApplicationContext;)V+16
j  org.springframework.boot.SpringApplication.run([Ljava/lang/String;)Lorg/springframework/context/ConfigurableApplicationContext;+101
j  org.springframework.boot.SpringApplication.run([Ljava/lang/Class;[Ljava/lang/String;)Lorg/springframework/context/ConfigurableApplicationContext;+9
j  org.springframework.boot.SpringApplication.run(Ljava/lang/Class;[Ljava/lang/String;)Lorg/springframework/context/ConfigurableApplicationContext;+9
j  com.livraison.projet.ProjetApplication.main([Ljava/lang/String;)V+3
v  ~StubRoutines::call_stub
j  jdk.internal.reflect.NativeMethodAccessorImpl.invoke0(Ljava/lang/reflect/Method;Ljava/lang/Object;[Ljava/lang/Object;)Ljava/lang/Object;+0 java.base@17.0.6
j  jdk.internal.reflect.NativeMethodAccessorImpl.invoke(Ljava/lang/Object;[Ljava/lang/Object;)Ljava/lang/Object;+133 java.base@17.0.6
j  jdk.internal.reflect.DelegatingMethodAccessorImpl.invoke(Ljava/lang/Object;[Ljava/lang/Object;)Ljava/lang/Object;+6 java.base@17.0.6
j  java.lang.reflect.Method.invoke(Ljava/lang/Object;[Ljava/lang/Object;)Ljava/lang/Object;+59 java.base@17.0.6
j  org.springframework.boot.devtools.restart.RestartLauncher.run()V+42
v  ~StubRoutines::call_stub

siginfo: EXCEPTION_ACCESS_VIOLATION (0xc0000005), reading address 0x0000021b033e9000


Register to memory mapping:

RIP=0x00007ff8cd9e57e0 net.dll
RAX=0x0000000000000001 is an unknown value
RBX=0x0000021b08b89020 points into unknown readable memory: 0x8802270000000002 | 02 00 00 00 00 27 02 88
RCX=0x0 is NULL
RDX=0x0 is NULL
RSP=0x000000ecbfffced0 is pointing into the stack for thread: 0x0000021b032161e0
RBP=0x000000000003a5c3 is an unknown value
RSI=0x0000021b08b89020 points into unknown readable memory: 0x8802270000000002 | 02 00 00 00 00 27 02 88
RDI=0x0000021b032161e0 is a thread
R8 =0x0000000000000001 is an unknown value
R9 =0x0000000000000040 is an unknown value
R10=0x00000000000000c0 is an unknown value
R11=0xf9fe59c3f92000df is an unknown value
R12=0x000000ecbfffcf50 is pointing into the stack for thread: 0x0000021b032161e0
R13=0x0000021b07d83da0 points into unknown readable memory: 0x0000021b05aa8150 | 50 81 aa 05 1b 02 00 00
R14=0x0000000000013741 is an unknown value
R15=0x000000000000069f is an unknown value


Registers:
RAX=0x0000000000000001, RBX=0x0000021b08b89020, RCX=0x0000000000000000, RDX=0x0000000000000000
RSP=0x000000ecbfffced0, RBP=0x000000000003a5c3, RSI=0x0000021b08b89020, RDI=0x0000021b032161e0
R8 =0x0000000000000001, R9 =0x0000000000000040, R10=0x00000000000000c0, R11=0xf9fe59c3f92000df
R12=0x000000ecbfffcf50, R13=0x0000021b07d83da0, R14=0x0000000000013741, R15=0x000000000000069f
RIP=0x00007ff8cd9e57e0, EFLAGS=0x0000000000010217

Top of Stack: (sp=0x000000ecbfffced0)
0x000000ecbfffced0:   0000021b08b88260 0000021b03216488
0x000000ecbfffcee0:   0000021b03216488 00007ff8cd9e609b
0x000000ecbfffcef0:   000000ecbfffd080 000000ecbfffd138
0x000000ecbfffcf00:   0000000000000000 0000000000000030
0x000000ecbfffcf10:   0000021b07d83da0 00007ff8cd9e6e80
0x000000ecbfffcf20:   0000021b03216488 0000021b03216488
0x000000ecbfffcf30:   000000ecbfffcfc9 0000021b07d83da0
0x000000ecbfffcf40:   0000021b00000000 0000000000000000
0x000000ecbfffcf50:   000000ecbfffd060 0000021b032161e0
0x000000ecbfffcf60:   0000021b07d843e0 0000000000000000
0x000000ecbfffcf70:   0000000000000007 000000000000000d
0x000000ecbfffcf80:   0000021b5cbfef10 00000008009a8808
0x000000ecbfffcf90:   000000ecbfffd050 00007ff8a8b39f24
0x000000ecbfffcfa0:   0000021b7fbdb3d0 0000000000000007
0x000000ecbfffcfb0:   0000021b7fbdb3e8 0000021b032161e0
0x000000ecbfffcfc0:   0000000000000001 0000000000000000 

Instructions: (pc=0x00007ff8cd9e57e0)
0x00007ff8cd9e56e0:   ff ff 48 8b cb 48 8b 5b 40 ff 15 c1 9b 00 00 48
0x00007ff8cd9e56f0:   8b cb 48 85 db 75 ee e9 bf fb ff ff 48 8b cb 48
0x00007ff8cd9e5700:   8b 5b 40 ff 15 a7 9b 00 00 48 8b cb 48 85 db 75
0x00007ff8cd9e5710:   ee e9 a5 fb ff ff 48 8b cb 48 8b 5b 40 ff 15 8d
0x00007ff8cd9e5720:   9b 00 00 48 8b cb 48 85 db 75 ee e9 8b fb ff ff
0x00007ff8cd9e5730:   48 89 5c 24 08 48 89 74 24 10 57 48 83 ec 20 48
0x00007ff8cd9e5740:   8b f2 49 8b f8 48 8d 54 24 48 48 8b d9 e8 92 08
0x00007ff8cd9e5750:   00 00 85 c0 79 04 33 c0 eb 22 4c 8b 4c 24 48 4c
0x00007ff8cd9e5760:   8b c7 48 8b d6 48 8b cb e8 1f 00 00 00 48 8b 4c
0x00007ff8cd9e5770:   24 48 8b d8 ff 15 36 9b 00 00 8b c3 48 8b 5c 24
0x00007ff8cd9e5780:   30 48 8b 74 24 38 48 83 c4 20 5f c3 48 8b c4 48
0x00007ff8cd9e5790:   89 58 10 48 89 68 18 48 89 70 20 48 89 48 08 57
0x00007ff8cd9e57a0:   41 54 41 55 41 56 41 57 48 83 ec 20 4c 8b ea 49
0x00007ff8cd9e57b0:   8b f9 33 d2 4d 8b e0 4d 85 c9 75 07 33 c0 e9 fc
0x00007ff8cd9e57c0:   00 00 00 44 8b fa 48 8b da 44 8b f2 41 39 11 0f
0x00007ff8cd9e57d0:   86 e3 00 00 00 41 8b c6 48 8d 2c 40 41 8b 45 10
0x00007ff8cd9e57e0:   39 44 ef 08 0f 85 bd 00 00 00 39 54 ef 04 0f 84
0x00007ff8cd9e57f0:   b3 00 00 00 b9 48 00 00 00 ff 15 b9 9a 00 00 33
0x00007ff8cd9e5800:   d2 48 8b f0 48 85 c0 0f 84 cf 00 00 00 44 8d 42
0x00007ff8cd9e5810:   02 66 44 89 00 8b 44 ef 04 89 46 04 41 8b 4d 14
0x00007ff8cd9e5820:   83 e9 06 74 23 83 e9 03 74 1e 83 e9 06 74 19 83
0x00007ff8cd9e5830:   e9 08 74 0f 83 e9 01 74 0f 83 e9 04 74 05 83 f9
0x00007ff8cd9e5840:   2b 74 05 83 c8 ff eb 4a 66 44 89 46 1c ba 01 00
0x00007ff8cd9e5850:   00 00 8b 4c ef 04 8b 44 ef 0c 23 c8 39 54 ef 10
0x00007ff8cd9e5860:   75 06 f7 d0 0b c1 eb 02 8b c1 89 46 20 8b 4c ef
0x00007ff8cd9e5870:   0c ff 15 89 99 00 00 33 d2 8b c8 66 89 56 38 85
0x00007ff8cd9e5880:   c0 74 13 0f b7 c2 44 8d 42 01 66 41 03 c0 03 c9
0x00007ff8cd9e5890:   75 f8 66 89 46 38 b8 01 00 00 00 48 89 5e 40 44
0x00007ff8cd9e58a0:   03 f8 48 8b de eb 05 b8 01 00 00 00 44 03 f0 44
0x00007ff8cd9e58b0:   3b 37 0f 82 1d ff ff ff 49 89 1c 24 41 8b c7 48
0x00007ff8cd9e58c0:   8b 5c 24 58 48 8b 6c 24 60 48 8b 74 24 68 48 83
0x00007ff8cd9e58d0:   c4 20 41 5f 41 5e 41 5d 41 5c 5f c3 48 8b 4c 24 


Stack slot to memory mapping:
stack at sp + 0 slots: 0x0000021b08b88260 points into unknown readable memory: 0x8801a30000000002 | 02 00 00 00 00 a3 01 88
stack at sp + 1 slots: 0x0000021b03216488 points into unknown readable memory: 0x00007ff8a8fba650 | 50 a6 fb a8 f8 7f 00 00
stack at sp + 2 slots: 0x0000021b03216488 points into unknown readable memory: 0x00007ff8a8fba650 | 50 a6 fb a8 f8 7f 00 00
stack at sp + 3 slots: 0x00007ff8cd9e609b net.dll
stack at sp + 4 slots: 0x000000ecbfffd080 is pointing into the stack for thread: 0x0000021b032161e0
stack at sp + 5 slots: 0x000000ecbfffd138 is pointing into the stack for thread: 0x0000021b032161e0
stack at sp + 6 slots: 0x0 is NULL
stack at sp + 7 slots: 0x0000000000000030 is an unknown value


---------------  P R O C E S S  ---------------

Threads class SMR info:
_java_thread_list=0x0000021b04eecd50, length=19, elements={
0x0000021b5cb2d7e0, 0x0000021b7fbeb3e0, 0x0000021b7fbee260, 0x0000021b7fbfecd0,
0x0000021b7fc015a0, 0x0000021b7fc01f50, 0x0000021b7fc02900, 0x0000021b7fc06b90,
0x0000021b02808620, 0x0000021b02810f20, 0x0000021b7fbd5b90, 0x0000021b02b94470,
0x0000021b02b8a820, 0x0000021b03337b20, 0x0000021b032161e0, 0x0000021b02bf7de0,
0x0000021b055f8180, 0x0000021b077c3540, 0x0000021b08634b00
}

Java Threads: ( => current thread )
  0x0000021b5cb2d7e0 JavaThread "main" [_thread_blocked, id=23452, stack(0x000000ecbe800000,0x000000ecbe900000)]
  0x0000021b7fbeb3e0 JavaThread "Reference Handler" daemon [_thread_blocked, id=11540, stack(0x000000ecbef00000,0x000000ecbf000000)]
  0x0000021b7fbee260 JavaThread "Finalizer" daemon [_thread_blocked, id=14476, stack(0x000000ecbf000000,0x000000ecbf100000)]
  0x0000021b7fbfecd0 JavaThread "Signal Dispatcher" daemon [_thread_blocked, id=624, stack(0x000000ecbf100000,0x000000ecbf200000)]
  0x0000021b7fc015a0 JavaThread "Attach Listener" daemon [_thread_blocked, id=2456, stack(0x000000ecbf200000,0x000000ecbf300000)]
  0x0000021b7fc01f50 JavaThread "Service Thread" daemon [_thread_blocked, id=21144, stack(0x000000ecbf300000,0x000000ecbf400000)]
  0x0000021b7fc02900 JavaThread "Monitor Deflation Thread" daemon [_thread_blocked, id=6544, stack(0x000000ecbf400000,0x000000ecbf500000)]
  0x0000021b7fc06b90 JavaThread "C2 CompilerThread0" daemon [_thread_in_native, id=7388, stack(0x000000ecbf500000,0x000000ecbf600000)]
  0x0000021b02808620 JavaThread "C1 CompilerThread0" daemon [_thread_blocked, id=12576, stack(0x000000ecbf600000,0x000000ecbf700000)]
  0x0000021b02810f20 JavaThread "Sweeper thread" daemon [_thread_blocked, id=9796, stack(0x000000ecbf700000,0x000000ecbf800000)]
  0x0000021b7fbd5b90 JavaThread "Common-Cleaner" daemon [_thread_blocked, id=2084, stack(0x000000ecbf800000,0x000000ecbf900000)]
  0x0000021b02b94470 JavaThread "Monitor Ctrl-Break" daemon [_thread_in_native, id=22100, stack(0x000000ecbfa00000,0x000000ecbfb00000)]
  0x0000021b02b8a820 JavaThread "Notification Thread" daemon [_thread_blocked, id=20536, stack(0x000000ecbfb00000,0x000000ecbfc00000)]
  0x0000021b03337b20 JavaThread "Thread-0" [_thread_blocked, id=9696, stack(0x000000ecbfe00000,0x000000ecbff00000)]
=>0x0000021b032161e0 JavaThread "restartedMain" [_thread_in_native, id=6636, stack(0x000000ecbff00000,0x000000ecc0000000)]
  0x0000021b02bf7de0 JavaThread "C2 CompilerThread1" daemon [_thread_in_native, id=5968, stack(0x000000ecbf900000,0x000000ecbfa00000)]
  0x0000021b055f8180 JavaThread "C2 CompilerThread2" daemon [_thread_in_native, id=7120, stack(0x000000ecc0a00000,0x000000ecc0b00000)]
  0x0000021b077c3540 JavaThread "SeedGenerator Thread" daemon [_thread_in_Java, id=21376, stack(0x000000ecc0b00000,0x000000ecc0c00000)]
  0x0000021b08634b00 JavaThread "SeedGenerator Thread" daemon [_thread_blocked, id=11708, stack(0x000000ecc0c00000,0x000000ecc0d00000)]

Other Threads:
  0x0000021b7fbe77f0 VMThread "VM Thread" [stack: 0x000000ecbee00000,0x000000ecbef00000] [id=16392]
  0x0000021b5cbbcd80 WatcherThread [stack: 0x000000ecbfc00000,0x000000ecbfd00000] [id=9472]
  0x0000021b5cb97340 GCTaskThread "GC Thread#0" [stack: 0x000000ecbe900000,0x000000ecbea00000] [id=20324]
  0x0000021b03112850 GCTaskThread "GC Thread#1" [stack: 0x000000ecc0000000,0x000000ecc0100000] [id=9556]
  0x0000021b03094860 GCTaskThread "GC Thread#2" [stack: 0x000000ecc0100000,0x000000ecc0200000] [id=6864]
  0x0000021b0310e640 GCTaskThread "GC Thread#3" [stack: 0x000000ecc0200000,0x000000ecc0300000] [id=15624]
  0x0000021b0310e8f0 GCTaskThread "GC Thread#4" [stack: 0x000000ecc0300000,0x000000ecc0400000] [id=19072]
  0x0000021b0353e1b0 GCTaskThread "GC Thread#5" [stack: 0x000000ecc0400000,0x000000ecc0500000] [id=18844]
  0x0000021b038c7740 GCTaskThread "GC Thread#6" [stack: 0x000000ecc0600000,0x000000ecc0700000] [id=6924]
  0x0000021b03736d50 GCTaskThread "GC Thread#7" [stack: 0x000000ecc0700000,0x000000ecc0800000] [id=3784]
  0x0000021b03aa4ba0 GCTaskThread "GC Thread#8" [stack: 0x000000ecc0800000,0x000000ecc0900000] [id=9432]
  0x0000021b03887740 GCTaskThread "GC Thread#9" [stack: 0x000000ecc0900000,0x000000ecc0a00000] [id=12268]
  0x0000021b5cba7fc0 ConcurrentGCThread "G1 Main Marker" [stack: 0x000000ecbea00000,0x000000ecbeb00000] [id=4688]
  0x0000021b5cba9170 ConcurrentGCThread "G1 Conc#0" [stack: 0x000000ecbeb00000,0x000000ecbec00000] [id=15536]
  0x0000021b042d2e90 ConcurrentGCThread "G1 Conc#1" [stack: 0x000000ecbfd00000,0x000000ecbfe00000] [id=9772]
  0x0000021b042d33f0 ConcurrentGCThread "G1 Conc#2" [stack: 0x000000ecc0500000,0x000000ecc0600000] [id=22884]
  0x0000021b7faa44f0 ConcurrentGCThread "G1 Refine#0" [stack: 0x000000ecbec00000,0x000000ecbed00000] [id=14848]
  0x0000021b7faa4f10 ConcurrentGCThread "G1 Service" [stack: 0x000000ecbed00000,0x000000ecbee00000] [id=13432]

Threads with active compile tasks:
C2 CompilerThread0     4055 3388       4       org.springframework.beans.factory.support.AbstractAutowireCapableBeanFactory::predictBeanType (128 bytes)
C2 CompilerThread1     4055 3392   !   4       org.springframework.beans.factory.support.AbstractBeanFactory::getBeanPostProcessorCache (181 bytes)
C2 CompilerThread2     4055 3393       4       org.springframework.beans.factory.support.AbstractBeanFactory::isFactoryBean (62 bytes)

VM state: not at safepoint (normal execution)

VM Mutex/Monitor currently owned by a thread: None

Heap address: 0x0000000702c00000, size: 4052 MB, Compressed Oops mode: Zero based, Oop shift amount: 3

CDS archive(s) mapped at: [0x0000000800000000-0x0000000800bd0000-0x0000000800bd0000), size 12386304, SharedBaseAddress: 0x0000000800000000, ArchiveRelocationMode: 0.
Compressed class space mapped at: 0x0000000800c00000-0x0000000840c00000, reserved size: 1073741824
Narrow klass base: 0x0000000800000000, Narrow klass shift: 0, Narrow klass range: 0x100000000

GC Precious Log:
 CPUs: 12 total, 12 available
 Memory: 16202M
 Large Page Support: Disabled
 NUMA Support: Disabled
 Compressed Oops: Enabled (Zero based)
 Heap Region Size: 2M
 Heap Min Capacity: 8M
 Heap Initial Capacity: 254M
 Heap Max Capacity: 4052M
 Pre-touch: Disabled
 Parallel Workers: 10
 Concurrent Workers: 3
 Concurrent Refinement Workers: 10
 Periodic GC: Disabled

Heap:
 garbage-first heap   total 55296K, used 32869K [0x0000000702c00000, 0x0000000800000000)
  region size 2048K, 15 young (30720K), 4 survivors (8192K)
 Metaspace       used 26325K, committed 26688K, reserved 1073152K
  class space    used 3367K, committed 3520K, reserved 1048576K

Heap Regions: E=young(eden), S=young(survivor), O=old, HS=humongous(starts), HC=humongous(continues), CS=collection set, F=free, OA=open archive, CA=closed archive, TAMS=top-at-mark-start (previous, next)
|   0|0x0000000702c00000, 0x0000000702e00000, 0x0000000702e00000|100%| O|  |TAMS 0x0000000702e00000, 0x0000000702c00000| Untracked 
|   1|0x0000000702e00000, 0x0000000703000000, 0x0000000703000000|100%| O|  |TAMS 0x0000000703000000, 0x0000000702e00000| Untracked 
|   2|0x0000000703000000, 0x00000007031eec00, 0x0000000703200000| 96%| O|  |TAMS 0x00000007031eec00, 0x0000000703000000| Untracked 
|   3|0x0000000703200000, 0x0000000703200000, 0x0000000703400000|  0%| F|  |TAMS 0x0000000703200000, 0x0000000703200000| Untracked 
|   4|0x0000000703400000, 0x0000000703400000, 0x0000000703600000|  0%| F|  |TAMS 0x0000000703400000, 0x0000000703400000| Untracked 
|   5|0x0000000703600000, 0x0000000703600000, 0x0000000703800000|  0%| F|  |TAMS 0x0000000703600000, 0x0000000703600000| Untracked 
|   6|0x0000000703800000, 0x0000000703800000, 0x0000000703a00000|  0%| F|  |TAMS 0x0000000703800000, 0x0000000703800000| Untracked 
|   7|0x0000000703a00000, 0x0000000703a00000, 0x0000000703c00000|  0%| F|  |TAMS 0x0000000703a00000, 0x0000000703a00000| Untracked 
|   8|0x0000000703c00000, 0x0000000703c00000, 0x0000000703e00000|  0%| F|  |TAMS 0x0000000703c00000, 0x0000000703c00000| Untracked 
|   9|0x0000000703e00000, 0x0000000703e00000, 0x0000000704000000|  0%| F|  |TAMS 0x0000000703e00000, 0x0000000703e00000| Untracked 
|  10|0x0000000704000000, 0x0000000704000000, 0x0000000704200000|  0%| F|  |TAMS 0x0000000704000000, 0x0000000704000000| Untracked 
|  11|0x0000000704200000, 0x0000000704200000, 0x0000000704400000|  0%| F|  |TAMS 0x0000000704200000, 0x0000000704200000| Untracked 
|  12|0x0000000704400000, 0x00000007045f6498, 0x0000000704600000| 98%| E|  |TAMS 0x0000000704400000, 0x0000000704400000| Complete 
|  13|0x0000000704600000, 0x0000000704800000, 0x0000000704800000|100%| E|CS|TAMS 0x0000000704600000, 0x0000000704600000| Complete 
|  14|0x0000000704800000, 0x0000000704a00000, 0x0000000704a00000|100%| E|CS|TAMS 0x0000000704800000, 0x0000000704800000| Complete 
|  15|0x0000000704a00000, 0x0000000704c00000, 0x0000000704c00000|100%| E|CS|TAMS 0x0000000704a00000, 0x0000000704a00000| Complete 
|  16|0x0000000704c00000, 0x0000000704e00000, 0x0000000704e00000|100%| E|CS|TAMS 0x0000000704c00000, 0x0000000704c00000| Complete 
|  17|0x0000000704e00000, 0x0000000705000000, 0x0000000705000000|100%| E|CS|TAMS 0x0000000704e00000, 0x0000000704e00000| Complete 
|  18|0x0000000705000000, 0x0000000705200000, 0x0000000705200000|100%| E|CS|TAMS 0x0000000705000000, 0x0000000705000000| Complete 
|  19|0x0000000705200000, 0x0000000705400000, 0x0000000705400000|100%| E|CS|TAMS 0x0000000705200000, 0x0000000705200000| Complete 
|  20|0x0000000705400000, 0x0000000705600000, 0x0000000705600000|100%| E|CS|TAMS 0x0000000705400000, 0x0000000705400000| Complete 
|  21|0x0000000705600000, 0x0000000705800000, 0x0000000705800000|100%| E|CS|TAMS 0x0000000705600000, 0x0000000705600000| Complete 
|  92|0x000000070e400000, 0x000000070e42a900, 0x000000070e600000|  8%| S|CS|TAMS 0x000000070e400000, 0x000000070e400000| Complete 
|  93|0x000000070e600000, 0x000000070e800000, 0x000000070e800000|100%| S|CS|TAMS 0x000000070e600000, 0x000000070e600000| Complete 
|  94|0x000000070e800000, 0x000000070ea00000, 0x000000070ea00000|100%| S|CS|TAMS 0x000000070e800000, 0x000000070e800000| Complete 
|  95|0x000000070ea00000, 0x000000070ec00000, 0x000000070ec00000|100%| S|CS|TAMS 0x000000070ea00000, 0x000000070ea00000| Complete 
| 126|0x0000000712800000, 0x0000000712a00000, 0x0000000712a00000|100%| E|CS|TAMS 0x0000000712800000, 0x0000000712800000| Complete 

Card table byte_map: [0x0000021b76050000,0x0000021b76840000] _byte_map_base: 0x0000021b7283a000

Marking Bits (Prev, Next): (CMBitMap*) 0x0000021b5cb97990, (CMBitMap*) 0x0000021b5cb97950
 Prev Bits: [0x0000021b7af80000, 0x0000021b7eed0000)
 Next Bits: [0x0000021b77030000, 0x0000021b7af80000)

Polling page: 0x0000021b5c970000

Metaspace:

Usage:
  Non-class:     22.42 MB used.
      Class:      3.29 MB used.
       Both:     25.71 MB used.

Virtual space:
  Non-class space:       24.00 MB reserved,      22.62 MB ( 94%) committed,  3 nodes.
      Class space:        1.00 GB reserved,       3.44 MB ( <1%) committed,  1 nodes.
             Both:        1.02 GB reserved,      26.06 MB (  2%) committed. 

Chunk freelists:
   Non-Class:  540.00 KB
       Class:  461.00 KB
        Both:  1001.00 KB

MaxMetaspaceSize: unlimited
CompressedClassSpaceSize: 1.00 GB
Initial GC threshold: 21.00 MB
Current GC threshold: 35.12 MB
CDS: on
MetaspaceReclaimPolicy: balanced
 - commit_granule_bytes: 65536.
 - commit_granule_words: 8192.
 - virtual_space_node_default_size: 1048576.
 - enlarge_chunks_in_place: 1.
 - new_chunks_are_fully_committed: 0.
 - uncommit_free_chunks: 1.
 - use_allocation_guard: 0.
 - handle_deallocations: 1.


Internal statistics:

num_allocs_failed_limit: 3.
num_arena_births: 404.
num_arena_deaths: 0.
num_vsnodes_births: 4.
num_vsnodes_deaths: 0.
num_space_committed: 417.
num_space_uncommitted: 0.
num_chunks_returned_to_freelist: 3.
num_chunks_taken_from_freelist: 1307.
num_chunk_merges: 3.
num_chunk_splits: 874.
num_chunks_enlarged: 631.
num_purges: 0.
num_inconsistent_stats: 0.

CodeHeap 'non-profiled nmethods': size=120000Kb used=1742Kb max_used=1742Kb free=118257Kb
 bounds [0x0000021b6d690000, 0x0000021b6d900000, 0x0000021b74bc0000]
CodeHeap 'profiled nmethods': size=120000Kb used=7847Kb max_used=7847Kb free=112152Kb
 bounds [0x0000021b65bc0000, 0x0000021b66370000, 0x0000021b6d0f0000]
CodeHeap 'non-nmethods': size=5760Kb used=1206Kb max_used=1278Kb free=4554Kb
 bounds [0x0000021b6d0f0000, 0x0000021b6d360000, 0x0000021b6d690000]
 total_blobs=4073 nmethods=3566 adapters=419
 compilation: enabled
              stopped_count=0, restarted_count=0
 full_count=0

Compilation events (20 events):
Event: 3.983 Thread 0x0000021b02808620 3574       3       jdk.internal.misc.Unsafe::getIntUnaligned (12 bytes)
Event: 3.984 Thread 0x0000021b02808620 nmethod 3574 0x0000021b66360f90 code [0x0000021b66361140, 0x0000021b66361398]
Event: 3.984 Thread 0x0000021b02808620 3576       3       jdk.internal.misc.Unsafe::toUnsignedInt (6 bytes)
Event: 3.984 Thread 0x0000021b02808620 nmethod 3576 0x0000021b66361490 code [0x0000021b66361620, 0x0000021b66361718]
Event: 3.984 Thread 0x0000021b02808620 3575       3       jdk.internal.misc.Unsafe::getIntUnaligned (83 bytes)
Event: 3.985 Thread 0x0000021b02808620 nmethod 3575 0x0000021b66361790 code [0x0000021b66361960, 0x0000021b66361e28]
Event: 3.985 Thread 0x0000021b02808620 3577       3       jdk.internal.misc.Unsafe::convEndian (16 bytes)
Event: 3.985 Thread 0x0000021b02808620 nmethod 3577 0x0000021b66361f90 code [0x0000021b66362120, 0x0000021b663622f8]
Event: 3.985 Thread 0x0000021b02808620 3578       3       java.lang.invoke.VarHandleGuards::guard_LI_I (78 bytes)
Event: 3.987 Thread 0x0000021b02808620 nmethod 3578 0x0000021b66362390 code [0x0000021b663626e0, 0x0000021b66364588]
Event: 3.987 Thread 0x0000021b02808620 3582       3       sun.security.provider.SHA::implCompress0 (506 bytes)
Event: 3.988 Thread 0x0000021b02808620 nmethod 3582 0x0000021b66364e10 code [0x0000021b66365040, 0x0000021b66365aa8]
Event: 3.988 Thread 0x0000021b02808620 3579       3       java.lang.invoke.VarHandleByteArrayAsInts$ArrayHandle::get (36 bytes)
Event: 3.989 Thread 0x0000021b02808620 nmethod 3579 0x0000021b66365f90 code [0x0000021b66366160, 0x0000021b66366638]
Event: 3.989 Thread 0x0000021b02808620 3583 % !   3       sun.security.provider.SeedGenerator$ThreadedSeedGenerator::run @ 109 (263 bytes)
Event: 3.990 Thread 0x0000021b02808620 nmethod 3583% 0x0000021b66366810 code [0x0000021b66366aa0, 0x0000021b66367918]
Event: 3.990 Thread 0x0000021b02808620 3580       3       java.lang.invoke.VarHandleByteArrayAsInts$ArrayHandle::index (12 bytes)
Event: 3.991 Thread 0x0000021b02808620 nmethod 3580 0x0000021b66368190 code [0x0000021b66368340, 0x0000021b66368548]
Event: 3.991 Thread 0x0000021b02808620 3584   !   3       sun.security.provider.SeedGenerator$ThreadedSeedGenerator::run (263 bytes)
Event: 3.992 Thread 0x0000021b02808620 nmethod 3584 0x0000021b66368690 code [0x0000021b66368920, 0x0000021b66369658]

GC Heap History (6 events):
Event: 0.858 GC heap before
{Heap before GC invocations=0 (full 0):
 garbage-first heap   total 260096K, used 20480K [0x0000000702c00000, 0x0000000800000000)
  region size 2048K, 11 young (22528K), 0 survivors (0K)
 Metaspace       used 5368K, committed 5568K, reserved 1056768K
  class space    used 616K, committed 704K, reserved 1048576K
}
Event: 0.864 GC heap after
{Heap after GC invocations=1 (full 0):
 garbage-first heap   total 260096K, used 6472K [0x0000000702c00000, 0x0000000800000000)
  region size 2048K, 2 young (4096K), 2 survivors (4096K)
 Metaspace       used 5368K, committed 5568K, reserved 1056768K
  class space    used 616K, committed 704K, reserved 1048576K
}
Event: 1.443 GC heap before
{Heap before GC invocations=1 (full 0):
 garbage-first heap   total 260096K, used 31048K [0x0000000702c00000, 0x0000000800000000)
  region size 2048K, 15 young (30720K), 2 survivors (4096K)
 Metaspace       used 12157K, committed 12352K, reserved 1064960K
  class space    used 1450K, committed 1536K, reserved 1048576K
}
Event: 1.449 GC heap after
{Heap after GC invocations=2 (full 0):
 garbage-first heap   total 260096K, used 8582K [0x0000000702c00000, 0x0000000800000000)
  region size 2048K, 2 young (4096K), 2 survivors (4096K)
 Metaspace       used 12157K, committed 12352K, reserved 1064960K
  class space    used 1450K, committed 1536K, reserved 1048576K
}
Event: 3.307 GC heap before
{Heap before GC invocations=2 (full 0):
 garbage-first heap   total 260096K, used 65926K [0x0000000702c00000, 0x0000000800000000)
  region size 2048K, 31 young (63488K), 2 survivors (4096K)
 Metaspace       used 21185K, committed 21504K, reserved 1073152K
  class space    used 2640K, committed 2816K, reserved 1048576K
}
Event: 3.313 GC heap after
{Heap after GC invocations=3 (full 0):
 garbage-first heap   total 260096K, used 12389K [0x0000000702c00000, 0x0000000800000000)
  region size 2048K, 4 young (8192K), 4 survivors (8192K)
 Metaspace       used 21185K, committed 21504K, reserved 1073152K
  class space    used 2640K, committed 2816K, reserved 1048576K
}

Deoptimization events (20 events):
Event: 3.740 Thread 0x0000021b032161e0 Uncommon trap: trap_request=0xffffffde fr.pc=0x0000021b6d7ab3a0 relative=0x0000000000001200
Event: 3.740 Thread 0x0000021b032161e0 Uncommon trap: reason=class_check action=maybe_recompile pc=0x0000021b6d7ab3a0 method=java.util.concurrent.ConcurrentHashMap.putVal(Ljava/lang/Object;Ljava/lang/Object;Z)Ljava/lang/Object; @ 242 c2
Event: 3.740 Thread 0x0000021b032161e0 DEOPT PACKING pc=0x0000021b6d7ab3a0 sp=0x000000ecbfffd020
Event: 3.740 Thread 0x0000021b032161e0 DEOPT UNPACKING pc=0x0000021b6d1423a3 sp=0x000000ecbfffcf90 mode 2
Event: 3.756 Thread 0x0000021b032161e0 Uncommon trap: trap_request=0xffffffde fr.pc=0x0000021b6d7ab3a0 relative=0x0000000000001200
Event: 3.756 Thread 0x0000021b032161e0 Uncommon trap: reason=class_check action=maybe_recompile pc=0x0000021b6d7ab3a0 method=java.util.concurrent.ConcurrentHashMap.putVal(Ljava/lang/Object;Ljava/lang/Object;Z)Ljava/lang/Object; @ 242 c2
Event: 3.756 Thread 0x0000021b032161e0 DEOPT PACKING pc=0x0000021b6d7ab3a0 sp=0x000000ecbfffbaa0
Event: 3.756 Thread 0x0000021b032161e0 DEOPT UNPACKING pc=0x0000021b6d1423a3 sp=0x000000ecbfffba10 mode 2
Event: 3.812 Thread 0x0000021b032161e0 Uncommon trap: trap_request=0xffffffde fr.pc=0x0000021b6d7ab3a0 relative=0x0000000000001200
Event: 3.812 Thread 0x0000021b032161e0 Uncommon trap: reason=class_check action=maybe_recompile pc=0x0000021b6d7ab3a0 method=java.util.concurrent.ConcurrentHashMap.putVal(Ljava/lang/Object;Ljava/lang/Object;Z)Ljava/lang/Object; @ 242 c2
Event: 3.812 Thread 0x0000021b032161e0 DEOPT PACKING pc=0x0000021b6d7ab3a0 sp=0x000000ecbfffd020
Event: 3.812 Thread 0x0000021b032161e0 DEOPT UNPACKING pc=0x0000021b6d1423a3 sp=0x000000ecbfffcf90 mode 2
Event: 3.814 Thread 0x0000021b032161e0 Uncommon trap: trap_request=0xffffffde fr.pc=0x0000021b6d7ab3a0 relative=0x0000000000001200
Event: 3.814 Thread 0x0000021b032161e0 Uncommon trap: reason=class_check action=maybe_recompile pc=0x0000021b6d7ab3a0 method=java.util.concurrent.ConcurrentHashMap.putVal(Ljava/lang/Object;Ljava/lang/Object;Z)Ljava/lang/Object; @ 242 c2
Event: 3.814 Thread 0x0000021b032161e0 DEOPT PACKING pc=0x0000021b6d7ab3a0 sp=0x000000ecbfffd020
Event: 3.814 Thread 0x0000021b032161e0 DEOPT UNPACKING pc=0x0000021b6d1423a3 sp=0x000000ecbfffcf90 mode 2
Event: 3.943 Thread 0x0000021b032161e0 Uncommon trap: trap_request=0xffffff45 fr.pc=0x0000021b6d798240 relative=0x0000000000000480
Event: 3.943 Thread 0x0000021b032161e0 Uncommon trap: reason=unstable_if action=reinterpret pc=0x0000021b6d798240 method=java.util.LinkedHashMap.get(Ljava/lang/Object;)Ljava/lang/Object; @ 16 c2
Event: 3.943 Thread 0x0000021b032161e0 DEOPT PACKING pc=0x0000021b6d798240 sp=0x000000ecbfffdb80
Event: 3.943 Thread 0x0000021b032161e0 DEOPT UNPACKING pc=0x0000021b6d1423a3 sp=0x000000ecbfffdb48 mode 2

Classes unloaded (0 events):
No events

Classes redefined (0 events):
No events

Internal exceptions (20 events):
Event: 3.293 Thread 0x0000021b032161e0 Exception <a 'java/lang/NoSuchMethodError'{0x000000070efc3b90}: 'int java.lang.invoke.Invokers$Holder.linkToTargetMethod(java.lang.Object, java.lang.Object)'> (0x000000070efc3b90) 
thrown [s\open\src\hotspot\share\interpreter\linkResolver.cpp, line 759]
Event: 3.306 Thread 0x0000021b032161e0 Exception <a 'java/lang/NoSuchMethodError'{0x000000070ec565e0}: 'java.lang.Object java.lang.invoke.DirectMethodHandle$Holder.invokeSpecial(java.lang.Object, java.lang.Object, java.lang.Object, java.lang.Object, java.lang.Object, java.lang.Object, java.lang.Object, java.lang.Object, java.lang.Object, java.lang.Object)'> (0x000000070ec565e0) 
thrown [s\open\src\hotspot\share\interpreter\linkResolver.cpp, line 759]
Event: 3.314 Thread 0x0000021b032161e0 Exception <a 'java/lang/NoSuchMethodError'{0x0000000712800400}: 'java.lang.Object java.lang.invoke.Invokers$Holder.invoke_MT(java.lang.Object, java.lang.Object, java.lang.Object, java.lang.Object, java.lang.Object, java.lang.Object, java.lang.Object, java.lang.Object, java.lang.Object, java.lang.Object)'> (0x0000000712800400) 
thrown [s\open\src\hotspot\share\interpreter\linkResolver.cpp, line 759]
Event: 3.323 Thread 0x0000021b032161e0 Exception <a 'java/lang/NoSuchMethodError'{0x000000071283f368}: 'java.lang.Object java.lang.invoke.DirectMethodHandle$Holder.invokeSpecial(java.lang.Object, java.lang.Object, int, java.lang.Object, java.lang.Object)'> (0x000000071283f368) 
thrown [s\open\src\hotspot\share\interpreter\linkResolver.cpp, line 759]
Event: 3.324 Thread 0x0000021b032161e0 Exception <a 'java/lang/NoSuchMethodError'{0x0000000712843010}: 'java.lang.Object java.lang.invoke.DelegatingMethodHandle$Holder.delegate(java.lang.Object, int, java.lang.Object, java.lang.Object)'> (0x0000000712843010) 
thrown [s\open\src\hotspot\share\interpreter\linkResolver.cpp, line 759]
Event: 3.326 Thread 0x0000021b032161e0 Exception <a 'java/lang/NoSuchMethodError'{0x0000000712853e98}: 'int java.lang.invoke.Invokers$Holder.linkToTargetMethod(java.lang.Object, java.lang.Object, java.lang.Object)'> (0x0000000712853e98) 
thrown [s\open\src\hotspot\share\interpreter\linkResolver.cpp, line 759]
Event: 3.380 Thread 0x0000021b032161e0 Exception <a 'java/lang/NoClassDefFoundError'{0x000000070570afb8}: org/flywaydb/core/Flyway> (0x000000070570afb8) 
thrown [s\open\src\hotspot\share\classfile\systemDictionary.cpp, line 245]
Event: 3.380 Thread 0x0000021b032161e0 Exception <a 'java/lang/NoClassDefFoundError'{0x000000070570c3c0}: liquibase/integration/spring/SpringLiquibase> (0x000000070570c3c0) 
thrown [s\open\src\hotspot\share\classfile\systemDictionary.cpp, line 245]
Event: 3.414 Thread 0x0000021b032161e0 Exception <a 'java/lang/NoClassDefFoundError'{0x00000007054f6b60}: org/jooq/DSLContext> (0x00000007054f6b60) 
thrown [s\open\src\hotspot\share\classfile\systemDictionary.cpp, line 245]
Event: 3.415 Thread 0x0000021b032161e0 Exception <a 'java/lang/NoClassDefFoundError'{0x0000000705505f68}: org/springframework/batch/core/repository/JobRepository> (0x0000000705505f68) 
thrown [s\open\src\hotspot\share\classfile\systemDictionary.cpp, line 245]
Event: 3.415 Thread 0x0000021b032161e0 Exception <a 'java/lang/NoClassDefFoundError'{0x0000000705507130}: org/quartz/Scheduler> (0x0000000705507130) 
thrown [s\open\src\hotspot\share\classfile\systemDictionary.cpp, line 245]
Event: 3.416 Thread 0x0000021b032161e0 Exception <a 'java/lang/NoClassDefFoundError'{0x0000000705508678}: org/springframework/session/jdbc/JdbcIndexedSessionRepository> (0x0000000705508678) 
thrown [s\open\src\hotspot\share\classfile\systemDictionary.cpp, line 245]
Event: 3.441 Thread 0x0000021b032161e0 Exception <a 'java/lang/NoSuchMethodError'{0x0000000705204de8}: 'void java.lang.invoke.DirectMethodHandle$Holder.invokeSpecial(java.lang.Object, java.lang.Object, java.lang.Object, java.lang.Object, java.lang.Object, java.lang.Object)'> (0x0000000705204de8) 
thrown [s\open\src\hotspot\share\interpreter\linkResolver.cpp, line 759]
Event: 3.461 Thread 0x0000021b032161e0 Implicit null exception at 0x0000021b6d8017e0 to 0x0000021b6d802f48
Event: 3.789 Thread 0x0000021b032161e0 Exception <a 'java/lang/NoSuchMethodError'{0x0000000704a9a2a8}: 'void java.lang.invoke.DirectMethodHandle$Holder.invokeStatic(java.lang.Object, java.lang.Object, int)'> (0x0000000704a9a2a8) 
thrown [s\open\src\hotspot\share\interpreter\linkResolver.cpp, line 759]
Event: 3.832 Thread 0x0000021b032161e0 Exception <a 'java/lang/NoSuchMethodError'{0x0000000704be37c8}: 'void java.lang.invoke.DirectMethodHandle$Holder.invokeInterface(java.lang.Object, java.lang.Object, int)'> (0x0000000704be37c8) 
thrown [s\open\src\hotspot\share\interpreter\linkResolver.cpp, line 759]
Event: 3.841 Thread 0x0000021b032161e0 Exception <a 'java/lang/IncompatibleClassChangeError'{0x0000000704833790}: Found class java.lang.Object, but interface was expected> (0x0000000704833790) 
thrown [s\open\src\hotspot\share\interpreter\linkResolver.cpp, line 826]
Event: 3.842 Thread 0x0000021b032161e0 Exception <a 'java/lang/NoSuchMethodError'{0x0000000704838878}: 'void java.lang.invoke.DirectMethodHandle$Holder.invokeStatic(java.lang.Object, int, java.lang.Object)'> (0x0000000704838878) 
thrown [s\open\src\hotspot\share\interpreter\linkResolver.cpp, line 759]
Event: 3.974 Thread 0x0000021b032161e0 Exception <a 'java/lang/NoSuchMethodError'{0x000000070444d118}: 'java.lang.Object java.lang.invoke.DirectMethodHandle$Holder.invokeStaticInit(java.lang.Object, int, int, int, int)'> (0x000000070444d118) 
thrown [s\open\src\hotspot\share\interpreter\linkResolver.cpp, line 759]
Event: 3.999 Thread 0x0000021b032161e0 Exception <a 'java/lang/Error'{0x0000000704464888}: IP Helper Library GetIpAddrTable function failed> (0x0000000704464888) 
thrown [s\open\src\hotspot\share\prims\jni.cpp, line 535]

VM Operations (20 events):
Event: 3.297 Executing VM operation: HandshakeAllThreads
Event: 3.297 Executing VM operation: HandshakeAllThreads done
Event: 3.307 Executing VM operation: CollectForMetadataAllocation
Event: 3.313 Executing VM operation: CollectForMetadataAllocation done
Event: 3.320 Executing VM operation: G1Concurrent
Event: 3.323 Executing VM operation: G1Concurrent done
Event: 3.323 Executing VM operation: G1Concurrent
Event: 3.325 Executing VM operation: G1Concurrent done
Event: 3.540 Executing VM operation: HandshakeAllThreads
Event: 3.540 Executing VM operation: HandshakeAllThreads done
Event: 3.607 Executing VM operation: HandshakeAllThreads
Event: 3.607 Executing VM operation: HandshakeAllThreads done
Event: 3.779 Executing VM operation: HandshakeAllThreads
Event: 3.779 Executing VM operation: HandshakeAllThreads done
Event: 3.810 Executing VM operation: ICBufferFull
Event: 3.811 Executing VM operation: ICBufferFull done
Event: 3.921 Executing VM operation: HandshakeAllThreads
Event: 3.921 Executing VM operation: HandshakeAllThreads done
Event: 3.961 Executing VM operation: HandshakeAllThreads
Event: 3.961 Executing VM operation: HandshakeAllThreads done

Events (20 events):
Event: 3.981 loading class java/lang/constant/MethodTypeDescImpl
Event: 3.982 loading class java/lang/constant/MethodTypeDescImpl done
Event: 3.982 loading class java/lang/constant/MethodHandleDesc
Event: 3.982 loading class java/lang/constant/MethodHandleDesc done
Event: 3.982 loading class java/lang/constant/MethodHandleDesc$1
Event: 3.982 loading class java/lang/constant/MethodHandleDesc$1 done
Event: 3.982 loading class java/lang/constant/DirectMethodHandleDescImpl
Event: 3.982 loading class java/lang/constant/DirectMethodHandleDesc
Event: 3.982 loading class java/lang/constant/DirectMethodHandleDesc done
Event: 3.982 loading class java/lang/constant/DirectMethodHandleDescImpl done
Event: 3.982 loading class java/lang/constant/DirectMethodHandleDescImpl$1
Event: 3.982 loading class java/lang/constant/DirectMethodHandleDescImpl$1 done
Event: 3.982 loading class java/lang/constant/DirectMethodHandleDesc$1
Event: 3.982 loading class java/lang/constant/DirectMethodHandleDesc$1 done
Event: 3.982 loading class java/lang/constant/PrimitiveClassDescImpl
Event: 3.982 loading class java/lang/constant/DynamicConstantDesc
Event: 3.983 loading class java/lang/constant/DynamicConstantDesc done
Event: 3.983 loading class java/lang/constant/PrimitiveClassDescImpl done
Event: 3.983 loading class java/lang/constant/DynamicConstantDesc$AnonymousDynamicConstantDesc
Event: 3.983 loading class java/lang/constant/DynamicConstantDesc$AnonymousDynamicConstantDesc done


Dynamic libraries:
0x00007ff769cd0000 - 0x00007ff769ce0000 	C:\Program Files\Java\jdk-17\bin\java.exe
0x00007ff9018f0000 - 0x00007ff901ae8000 	C:\Windows\SYSTEM32\ntdll.dll
0x00007ff900210000 - 0x00007ff9002cf000 	C:\Windows\System32\KERNEL32.DLL
0x00007ff8ff210000 - 0x00007ff8ff4e2000 	C:\Windows\System32\KERNELBASE.dll
0x00007ff8ff600000 - 0x00007ff8ff700000 	C:\Windows\System32\ucrtbase.dll
0x00007ff8d55b0000 - 0x00007ff8d55cb000 	C:\Program Files\Java\jdk-17\bin\VCRUNTIME140.dll
0x00007ff8d59c0000 - 0x00007ff8d59d8000 	C:\Program Files\Java\jdk-17\bin\jli.dll
0x00007ff8ffbb0000 - 0x00007ff8ffc5e000 	C:\Windows\System32\ADVAPI32.dll
0x00007ff9004f0000 - 0x00007ff90058e000 	C:\Windows\System32\msvcrt.dll
0x00007ff900ba0000 - 0x00007ff900c3c000 	C:\Windows\System32\sechost.dll
0x00007ff9006b0000 - 0x00007ff9007d5000 	C:\Windows\System32\RPCRT4.dll
0x00007ff900d60000 - 0x00007ff900f01000 	C:\Windows\System32\USER32.dll
0x00007ff8ff050000 - 0x00007ff8ff072000 	C:\Windows\System32\win32u.dll
0x00007ff8ea1c0000 - 0x00007ff8ea45a000 	C:\Windows\WinSxS\amd64_microsoft.windows.common-controls_6595b64144ccf1df_6.0.19041.1110_none_60b5254171f9507e\COMCTL32.dll
0x00007ff8ffb80000 - 0x00007ff8ffbab000 	C:\Windows\System32\GDI32.dll
0x00007ff8ff4f0000 - 0x00007ff8ff5ff000 	C:\Windows\System32\gdi32full.dll
0x00007ff8ff700000 - 0x00007ff8ff79d000 	C:\Windows\System32\msvcp_win.dll
0x00007ff8f9ce0000 - 0x00007ff8f9cea000 	C:\Windows\SYSTEM32\VERSION.dll
0x00007ff9016c0000 - 0x00007ff9016f2000 	C:\Windows\System32\IMM32.DLL
0x00007ff8eae10000 - 0x00007ff8eae1c000 	C:\Program Files\Java\jdk-17\bin\vcruntime140_1.dll
0x00007ff8c7d40000 - 0x00007ff8c7dce000 	C:\Program Files\Java\jdk-17\bin\msvcp140.dll
0x00007ff8a8520000 - 0x00007ff8a90f7000 	C:\Program Files\Java\jdk-17\bin\server\jvm.dll
0x00007ff8ffd90000 - 0x00007ff8ffd98000 	C:\Windows\System32\PSAPI.DLL
0x00007ff8ed380000 - 0x00007ff8ed3a7000 	C:\Windows\SYSTEM32\WINMM.dll
0x00007ff8de890000 - 0x00007ff8de899000 	C:\Windows\SYSTEM32\WSOCK32.dll
0x00007ff900480000 - 0x00007ff9004eb000 	C:\Windows\System32\WS2_32.dll
0x00007ff8fcea0000 - 0x00007ff8fceb2000 	C:\Windows\SYSTEM32\kernel.appcore.dll
0x00007ff8ea6a0000 - 0x00007ff8ea6aa000 	C:\Program Files\Java\jdk-17\bin\jimage.dll
0x00007ff8ec960000 - 0x00007ff8ecb44000 	C:\Windows\SYSTEM32\DBGHELP.DLL
0x00007ff8cb900000 - 0x00007ff8cb935000 	C:\Windows\SYSTEM32\dbgcore.DLL
0x00007ff8ff080000 - 0x00007ff8ff102000 	C:\Windows\System32\bcryptPrimitives.dll
0x00007ff8c02c0000 - 0x00007ff8c02ce000 	C:\Program Files\Java\jdk-17\bin\instrument.dll
0x00007ff8d4100000 - 0x00007ff8d4125000 	C:\Program Files\Java\jdk-17\bin\java.dll
0x00007ff8c4ba0000 - 0x00007ff8c4c77000 	C:\Program Files\Java\jdk-17\bin\jsvml.dll
0x00007ff900f70000 - 0x00007ff9016b4000 	C:\Windows\System32\SHELL32.dll
0x00007ff8fd0a0000 - 0x00007ff8fd832000 	C:\Windows\SYSTEM32\windows.storage.dll
0x00007ff9007e0000 - 0x00007ff900b35000 	C:\Windows\System32\combase.dll
0x00007ff8fea40000 - 0x00007ff8fea70000 	C:\Windows\SYSTEM32\Wldp.dll
0x00007ff8ffa10000 - 0x00007ff8ffabd000 	C:\Windows\System32\SHCORE.dll
0x00007ff900590000 - 0x00007ff9005e5000 	C:\Windows\System32\shlwapi.dll
0x00007ff8fef20000 - 0x00007ff8fef3f000 	C:\Windows\SYSTEM32\profapi.dll
0x00007ff8cb4f0000 - 0x00007ff8cb508000 	C:\Program Files\Java\jdk-17\bin\zip.dll
0x00007ff8cd9e0000 - 0x00007ff8cd9f9000 	C:\Program Files\Java\jdk-17\bin\net.dll
0x00007ff8f8870000 - 0x00007ff8f897c000 	C:\Windows\SYSTEM32\WINHTTP.dll
0x00007ff8fe7a0000 - 0x00007ff8fe80a000 	C:\Windows\system32\mswsock.dll
0x00007ff8cb6a0000 - 0x00007ff8cb6b6000 	C:\Program Files\Java\jdk-17\bin\nio.dll
0x00007ff8bfc90000 - 0x00007ff8bfcaa000 	C:\Program Files\JetBrains\IntelliJ IDEA Community Edition 2022.2.3\bin\breakgen64.dll
0x00007ff8bfcc0000 - 0x00007ff8bfcca000 	C:\Program Files\Java\jdk-17\bin\management.dll
0x00007ff8bfcb0000 - 0x00007ff8bfcbb000 	C:\Program Files\Java\jdk-17\bin\management_ext.dll
0x00007ff8e8970000 - 0x00007ff8e8980000 	C:\Program Files\Java\jdk-17\bin\verify.dll
0x00007ff8fe9a0000 - 0x00007ff8fe9b8000 	C:\Windows\SYSTEM32\CRYPTSP.dll
0x00007ff8fe440000 - 0x00007ff8fe47b000 	C:\Windows\SYSTEM32\IPHLPAPI.DLL
0x00007ff900610000 - 0x00007ff900618000 	C:\Windows\System32\NSI.dll
0x00007ff8f9530000 - 0x00007ff8f9547000 	C:\Windows\SYSTEM32\dhcpcsvc6.DLL

dbghelp: loaded successfully - version: 4.0.5 - missing functions: none
symbol engine: initialized successfully - sym options: 0x614 - pdb path: .;C:\Program Files\Java\jdk-17\bin;C:\Windows\SYSTEM32;C:\Windows\WinSxS\amd64_microsoft.windows.common-controls_6595b64144ccf1df_6.0.19041.1110_none_60b5254171f9507e;C:\Program Files\Java\jdk-17\bin\server;C:\Program Files\JetBrains\IntelliJ IDEA Community Edition 2022.2.3\bin

VM Arguments:
jvm_args: -javaagent:C:\Program Files\JetBrains\IntelliJ IDEA Community Edition 2022.2.3\lib\idea_rt.jar=51569:C:\Program Files\JetBrains\IntelliJ IDEA Community Edition 2022.2.3\bin -Dfile.encoding=UTF-8 
java_command: com.livraison.projet.ProjetApplication
java_class_path (initial): C:\Users\med aziz\Desktop\projet\target\classes;C:\Users\med aziz\.m2\repository\org\springframework\boot\spring-boot-starter-data-jpa\3.0.1\spring-boot-starter-data-jpa-3.0.1.jar;C:\Users\med aziz\.m2\repository\org\springframework\boot\spring-boot-starter-aop\3.0.1\spring-boot-starter-aop-3.0.1.jar;C:\Users\med aziz\.m2\repository\org\springframework\spring-aop\6.0.3\spring-aop-6.0.3.jar;C:\Users\med aziz\.m2\repository\org\aspectj\aspectjweaver\1.9.19\aspectjweaver-1.9.19.jar;C:\Users\med aziz\.m2\repository\org\springframework\boot\spring-boot-starter-jdbc\3.0.1\spring-boot-starter-jdbc-3.0.1.jar;C:\Users\med aziz\.m2\repository\com\zaxxer\HikariCP\5.0.1\HikariCP-5.0.1.jar;C:\Users\med aziz\.m2\repository\org\springframework\spring-jdbc\6.0.3\spring-jdbc-6.0.3.jar;C:\Users\med aziz\.m2\repository\org\hibernate\orm\hibernate-core\6.1.6.Final\hibernate-core-6.1.6.Final.jar;C:\Users\med aziz\.m2\repository\jakarta\persistence\jakarta.persistence-api\3.1.0\jakarta.persistence-api-3.1.0.jar;C:\Users\med aziz\.m2\repository\jakarta\transaction\jakarta.transaction-api\2.0.1\jakarta.transaction-api-2.0.1.jar;C:\Users\med aziz\.m2\repository\org\jboss\logging\jboss-logging\3.5.0.Final\jboss-logging-3.5.0.Final.jar;C:\Users\med aziz\.m2\repository\org\hibernate\common\hibernate-commons-annotations\6.0.2.Final\hibernate-commons-annotations-6.0.2.Final.jar;C:\Users\med aziz\.m2\repository\org\jboss\jandex\2.4.2.Final\jandex-2.4.2.Final.jar;C:\Users\med aziz\.m2\repository\com\fasterxml\classmate\1.5.1\classmate-1.5.1.jar;C:\Users\med aziz\.m2\repository\net\bytebuddy\byte-buddy\1.12.20\byte-buddy-1.12.20.jar;C:\Users\med aziz\.m2\repository\org\glassfish\jaxb\jaxb-runtime\4.0.1\jaxb-runtime-4.0.1.jar;C:\Users\med aziz\.m2\repository\org\glassfish\jaxb\jaxb-core\4.0.1\jaxb-core-4.0.1.jar;C:\Users\med aziz\.m2\repository\org\glassfish\jaxb\txw2\4.0.1\txw2-4.0.1.jar;C:\Users\med aziz\.m2\repository\com\sun\istack\istack-commons-runtime\4.1.1\istack
Launcher Type: SUN_STANDARD

[Global flags]
     intx CICompilerCount                          = 4                                         {product} {ergonomic}
     uint ConcGCThreads                            = 3                                         {product} {ergonomic}
     uint G1ConcRefinementThreads                  = 10                                        {product} {ergonomic}
   size_t G1HeapRegionSize                         = 2097152                                   {product} {ergonomic}
    uintx GCDrainStackTargetSize                   = 64                                        {product} {ergonomic}
   size_t InitialHeapSize                          = 266338304                                 {product} {ergonomic}
   size_t MarkStackSize                            = 4194304                                   {product} {ergonomic}
   size_t MaxHeapSize                              = 4248829952                                {product} {ergonomic}
   size_t MaxNewSize                               = 2548039680                                {product} {ergonomic}
   size_t MinHeapDeltaBytes                        = 2097152                                   {product} {ergonomic}
   size_t MinHeapSize                              = 8388608                                   {product} {ergonomic}
    uintx NonNMethodCodeHeapSize                   = 5839372                                {pd product} {ergonomic}
    uintx NonProfiledCodeHeapSize                  = 122909434                              {pd product} {ergonomic}
    uintx ProfiledCodeHeapSize                     = 122909434                              {pd product} {ergonomic}
    uintx ReservedCodeCacheSize                    = 251658240                              {pd product} {ergonomic}
     bool SegmentedCodeCache                       = true                                      {product} {ergonomic}
   size_t SoftMaxHeapSize                          = 4248829952                             {manageable} {ergonomic}
     bool UseCompressedClassPointers               = true                           {product lp64_product} {ergonomic}
     bool UseCompressedOops                        = true                           {product lp64_product} {ergonomic}
     bool UseG1GC                                  = true                                      {product} {ergonomic}
     bool UseLargePagesIndividualAllocation        = false                                  {pd product} {ergonomic}

Logging:
Log output configuration:
 #0: stdout all=warning uptime,level,tags
 #1: stderr all=off uptime,level,tags

Environment Variables:
PATH=C:\Program Files\Common Files\Oracle\Java\javapath;C:\Program Files (x86)\Common Files\Oracle\Java\javapath;C:\oraclexe\app\oracle\product\11.2.0\server\bin;C:\Windows\system32;C:\Windows;C:\Windows\System32\Wbem;C:\Windows\System32\WindowsPowerShell\v1.0\;C:\Windows\System32\OpenSSH\;C:\Program Files (x86)\NVIDIA Corporation\PhysX\Common;C:\Program Files\Git\cmd;C:\Program Files (x86)\Microsoft SQL Server\130\Tools\Binn\;C:\Program Files\Microsoft SQL Server\130\Tools\Binn\;C:\Program Files (x86)\Microsoft SQL Server\130\DTS\Binn\;C:\Program Files\Microsoft SQL Server\130\DTS\Binn\;C:\Program Files\Microsoft SQL Server\Client SDK\ODBC\130\Tools\Binn\;C:\Program Files (x86)\Microsoft SQL Server\150\DTS\Binn\;C:\Program Files\Azure Data Studio\bin;C:\Program Files (x86)\Microsoft SQL Server\110\DTS\Binn\;C:\Program Files (x86)\Microsoft SQL Server\120\DTS\Binn\;C:\Program Files (x86)\Microsoft SQL Server\140\DTS\Binn\;C:\Program Files\nodejs\;C:\Program Files\Java\jdk-11\bin;C:\Program Files\Java\jdk-17\bin;C:\Users\med aziz\AppData\Local\Programs\Python\Python310\Scripts\;C:\Users\med aziz\AppData\Local\Programs\Python\Python310\;C:\Users\med aziz\AppData\Local\Microsoft\WindowsApps;C:\Users\med aziz\AppData\Local\Programs\Microsoft VS Code\bin;C:\Users\med aziz\AppData\Local\GitHubDesktop\bin;C:\Program Files\Azure Data Studio\bin;C:\Program Files\JetBrains\IntelliJ IDEA Community Edition 2022.2.3\bin;;C:\Users\med aziz\AppData\Roaming\npm;C:\Program Files\Java\jdk-11\bin;C:\Program Files\Java\jdk-17\bin;C:\Users\med aziz\AppData\Local\Programs\MiKTeX\miktex\bin\x64\
USERNAME=med aziz
OS=Windows_NT
PROCESSOR_IDENTIFIER=Intel64 Family 6 Model 165 Stepping 2, GenuineIntel



---------------  S Y S T E M  ---------------

OS:
 Windows 10 , 64 bit Build 19041 (10.0.19041.2364)
OS uptime: 2 days 16:57 hours

CPU: total 12 (initial active 12) (6 cores per cpu, 2 threads per core) family 6 model 165 stepping 2 microcode 0xe2, cx8, cmov, fxsr, ht, mmx, 3dnowpref, sse, sse2, sse3, ssse3, sse4.1, sse4.2, popcnt, lzcnt, tsc, tscinvbit, avx, avx2, aes, erms, clmul, bmi1, bmi2, adx, fma, vzeroupper, clflush, clflushopt

Memory: 4k page, system-wide physical 16202M (8277M free)
TotalPageFile size 21100M (AvailPageFile size 8222M)
current process WorkingSet (physical memory assigned to process): 194M, peak: 198M
current process commit charge ("private bytes"): 263M, peak: 412M

vm_info: Java HotSpot(TM) 64-Bit Server VM (17.0.6+9-LTS-190) for windows-amd64 JRE (17.0.6+9-LTS-190), built on Dec  6 2022 15:53:54 by "mach5one" with MS VC++ 17.1 (VS2022)

END.
